2025-05-19 19:40:17 [error]: Error: Nome de usuário já está em uso
    at userSchema.statics.createUser (C:\Users\Trick\Desktop\web2\src\models\User.js:81:27)
    at process.processTicksAndRejections (node:internal/process/task_queues:105:5)
    at async ChatLibrary.createUser (C:\Users\Trick\Desktop\web2\src\index.js:75:14)
    at async executeExample (C:\Users\Trick\Desktop\web2\src\example.js:38:25)
2025-05-19 19:40:17 [error]: Error: Nome de usuário já está em uso
    at userSchema.statics.createUser (C:\Users\Trick\Desktop\web2\src\models\User.js:81:27)
    at process.processTicksAndRejections (node:internal/process/task_queues:105:5)
    at async ChatLibrary.createUser (C:\Users\Trick\Desktop\web2\src\index.js:75:14)
    at async executeExample (C:\Users\Trick\Desktop\web2\src\example.js:39:25)
2025-05-19 19:40:17 [error]: Error: Nome de usuário já está em uso
    at userSchema.statics.createUser (C:\Users\Trick\Desktop\web2\src\models\User.js:81:27)
    at process.processTicksAndRejections (node:internal/process/task_queues:105:5)
    at async ChatLibrary.createUser (C:\Users\Trick\Desktop\web2\src\index.js:75:14)
    at async executeExample (C:\Users\Trick\Desktop\web2\src\example.js:40:25)
2025-05-19 19:40:17 [error]: Erro durante a execução do exemplo:
2025-05-19 20:45:32 [error]: Error: Status inválido. Use: online, offline ou away
    at userSchema.statics.updateStatus (C:\Users\Trick\Desktop\web2\src\models\User.js:120:13)
    at ChatLibrary.updateUserStatus (C:\Users\Trick\Desktop\web2\src\index.js:117:25)
    at process.processTicksAndRejections (node:internal/process/task_queues:105:5)
    at async C:\Users\Trick\Desktop\web2\src\cli.js:611:28
2025-05-19 20:47:31 [error]: TypeError: Class constructor ObjectId cannot be invoked without 'new'
    at messageSchema.statics.findUnreadByUser (C:\Users\Trick\Desktop\web2\src\models\Message.js:206:41)
    at ChatLibrary.getUnreadMessages (C:\Users\Trick\Desktop\web2\src\index.js:283:28)
    at process.processTicksAndRejections (node:internal/process/task_queues:105:5)
    at async showUnreadMessages (C:\Users\Trick\Desktop\web2\src\cli.js:635:24)
2025-06-29 17:06:49 [error]: Falha ao conectar ao banco de dados
2025-06-29 17:06:49 [error]: MongooseServerSelectionError: Could not connect to any servers in your MongoDB Atlas cluster. One common reason is that you're trying to access the database from an IP that isn't whitelisted. Make sure your current IP address is on your Atlas cluster's IP whitelist: https://www.mongodb.com/docs/atlas/security-whitelist/
    at _handleConnectionErrors (C:\Users\Trick\Documents\web2\node_modules\mongoose\lib\connection.js:816:11)
    at NativeConnection.openUri (C:\Users\Trick\Documents\web2\node_modules\mongoose\lib\connection.js:791:11)
    at async connectToDatabase (C:\Users\Trick\Documents\web2\src\config\database.js:8:5)
    at async ChatLibrary.connect (C:\Users\Trick\Documents\web2\src\index.js:35:7)
    at async startServer (C:\Users\Trick\Documents\web2\src\app.js:89:9)
2025-06-29 17:10:35 [error]: Falha ao conectar ao banco de dados
2025-06-29 17:10:35 [error]: MongooseServerSelectionError: Could not connect to any servers in your MongoDB Atlas cluster. One common reason is that you're trying to access the database from an IP that isn't whitelisted. Make sure your current IP address is on your Atlas cluster's IP whitelist: https://www.mongodb.com/docs/atlas/security-whitelist/
    at _handleConnectionErrors (C:\Users\Trick\Documents\web2\node_modules\mongoose\lib\connection.js:816:11)
    at NativeConnection.openUri (C:\Users\Trick\Documents\web2\node_modules\mongoose\lib\connection.js:791:11)
    at process.processTicksAndRejections (node:internal/process/task_queues:105:5)
    at async connectToDatabase (C:\Users\Trick\Documents\web2\src\config\database.js:8:5)
    at async ChatLibrary.connect (C:\Users\Trick\Documents\web2\src\index.js:35:7)
    at async ChatLibrary.ensureConnection (C:\Users\Trick\Documents\web2\src\index.js:313:7)
    at async ChatLibrary.createUser (C:\Users\Trick\Documents\web2\src\index.js:74:7)
    at async C:\Users\Trick\Documents\web2\src\routes\auth.js:105:24
2025-06-29 17:10:45 [error]: MongooseError: Operation `users.insertOne()` buffering timed out after 10000ms
    at Timeout.<anonymous> (C:\Users\Trick\Documents\web2\node_modules\mongoose\lib\drivers\node-mongodb-native\collection.js:185:23)
    at listOnTimeout (node:internal/timers:594:17)
    at process.processTimers (node:internal/timers:529:7)
2025-06-29 17:20:54 [error]: TypeError: Class constructor ObjectId cannot be invoked without 'new'
    at messageSchema.statics.findUnreadByUser (C:\Users\Trick\Documents\web2\src\models\Message.js:206:41)
    at ChatLibrary.getUnreadMessages (C:\Users\Trick\Documents\web2\src\index.js:283:28)
    at process.processTicksAndRejections (node:internal/process/task_queues:105:5)
    at async C:\Users\Trick\Documents\web2\src\routes\chats.js:20:30
2025-06-29 17:21:45 [error]: TypeError: Class constructor ObjectId cannot be invoked without 'new'
    at messageSchema.statics.findUnreadByUser (C:\Users\Trick\Documents\web2\src\models\Message.js:206:41)
    at ChatLibrary.getUnreadMessages (C:\Users\Trick\Documents\web2\src\index.js:283:28)
    at process.processTicksAndRejections (node:internal/process/task_queues:105:5)
    at async C:\Users\Trick\Documents\web2\src\routes\chats.js:20:30
2025-06-29 17:22:30 [error]: TypeError: Class constructor ObjectId cannot be invoked without 'new'
    at messageSchema.statics.findUnreadByUser (C:\Users\Trick\Documents\web2\src\models\Message.js:206:41)
    at ChatLibrary.getUnreadMessages (C:\Users\Trick\Documents\web2\src\index.js:283:28)
    at process.processTicksAndRejections (node:internal/process/task_queues:105:5)
    at async C:\Users\Trick\Documents\web2\src\routes\chats.js:20:30
2025-06-29 17:22:47 [error]: TypeError: Class constructor ObjectId cannot be invoked without 'new'
    at messageSchema.statics.findUnreadByUser (C:\Users\Trick\Documents\web2\src\models\Message.js:206:41)
    at ChatLibrary.getUnreadMessages (C:\Users\Trick\Documents\web2\src\index.js:283:28)
    at async C:\Users\Trick\Documents\web2\src\routes\messages.js:131:24
2025-06-29 17:22:57 [error]: TypeError: Class constructor ObjectId cannot be invoked without 'new'
    at messageSchema.statics.findUnreadByUser (C:\Users\Trick\Documents\web2\src\models\Message.js:206:41)
    at ChatLibrary.getUnreadMessages (C:\Users\Trick\Documents\web2\src\index.js:283:28)
    at async C:\Users\Trick\Documents\web2\src\routes\messages.js:131:24
2025-06-29 17:23:22 [error]: TypeError: Class constructor ObjectId cannot be invoked without 'new'
    at messageSchema.statics.findUnreadByUser (C:\Users\Trick\Documents\web2\src\models\Message.js:206:41)
    at ChatLibrary.getUnreadMessages (C:\Users\Trick\Documents\web2\src\index.js:283:28)
    at process.processTicksAndRejections (node:internal/process/task_queues:105:5)
    at async C:\Users\Trick\Documents\web2\src\routes\chats.js:20:30
2025-06-29 17:24:37 [error]: TypeError: Class constructor ObjectId cannot be invoked without 'new'
    at messageSchema.statics.findUnreadByUser (C:\Users\Trick\Documents\web2\src\models\Message.js:206:41)
    at ChatLibrary.getUnreadMessages (C:\Users\Trick\Documents\web2\src\index.js:283:28)
    at process.processTicksAndRejections (node:internal/process/task_queues:105:5)
    at async C:\Users\Trick\Documents\web2\src\routes\chats.js:20:30
2025-06-29 17:24:53 [error]: TypeError: Class constructor ObjectId cannot be invoked without 'new'
    at messageSchema.statics.findUnreadByUser (C:\Users\Trick\Documents\web2\src\models\Message.js:206:41)
    at ChatLibrary.getUnreadMessages (C:\Users\Trick\Documents\web2\src\index.js:283:28)
    at process.processTicksAndRejections (node:internal/process/task_queues:105:5)
    at async C:\Users\Trick\Documents\web2\src\routes\chats.js:20:30
2025-06-29 17:25:05 [error]: Error: Usuário 'João Silva' não encontrado
    at userSchema.statics.findByUsername (C:\Users\Trick\Documents\web2\src\models\User.js:101:21)
    at process.processTicksAndRejections (node:internal/process/task_queues:105:5)
    at async ChatLibrary.findUserByUsername (C:\Users\Trick\Documents\web2\src\index.js:89:14)
    at async C:\Users\Trick\Documents\web2\src\routes\users.js:43:24
2025-06-29 17:25:16 [error]: TypeError: Class constructor ObjectId cannot be invoked without 'new'
    at messageSchema.statics.findUnreadByUser (C:\Users\Trick\Documents\web2\src\models\Message.js:206:41)
    at ChatLibrary.getUnreadMessages (C:\Users\Trick\Documents\web2\src\index.js:283:28)
    at process.processTicksAndRejections (node:internal/process/task_queues:105:5)
    at async C:\Users\Trick\Documents\web2\src\routes\chats.js:20:30
2025-06-29 17:25:35 [error]: TypeError: Class constructor ObjectId cannot be invoked without 'new'
    at messageSchema.statics.findUnreadByUser (C:\Users\Trick\Documents\web2\src\models\Message.js:206:41)
    at ChatLibrary.getUnreadMessages (C:\Users\Trick\Documents\web2\src\index.js:283:28)
    at process.processTicksAndRejections (node:internal/process/task_queues:105:5)
    at async C:\Users\Trick\Documents\web2\src\routes\chats.js:20:30
